<?xml version="1.0" encoding="UTF-8"?>
<testsuite xmlns:xsi="http://www.w3.org/2001/XMLSchema-instance" xsi:noNamespaceSchemaLocation="https://maven.apache.org/surefire/maven-surefire-plugin/xsd/surefire-test-report.xsd" version="3.0.2" name="cn.edu.tju.MyApplicationTests" time="6.33" tests="1" errors="0" skipped="0" failures="0">
  <properties>
    <property name="java.specification.version" value="21"/>
    <property name="sun.cpu.isalist" value="amd64"/>
    <property name="sun.jnu.encoding" value="GBK"/>
    <property name="java.class.path" value="C:\Users\libam\Desktop\test\elm2.0\target\test-classes;C:\Users\libam\Desktop\test\elm2.0\target\classes;E:\program\maven\repository\org\springframework\boot\spring-boot-starter-security\3.5.4\spring-boot-starter-security-3.5.4.jar;E:\program\maven\repository\org\springframework\boot\spring-boot-starter\3.5.4\spring-boot-starter-3.5.4.jar;E:\program\maven\repository\org\springframework\boot\spring-boot\3.5.4\spring-boot-3.5.4.jar;E:\program\maven\repository\org\springframework\boot\spring-boot-autoconfigure\3.5.4\spring-boot-autoconfigure-3.5.4.jar;E:\program\maven\repository\org\springframework\boot\spring-boot-starter-logging\3.5.4\spring-boot-starter-logging-3.5.4.jar;E:\program\maven\repository\ch\qos\logback\logback-classic\1.5.18\logback-classic-1.5.18.jar;E:\program\maven\repository\ch\qos\logback\logback-core\1.5.18\logback-core-1.5.18.jar;E:\program\maven\repository\org\apache\logging\log4j\log4j-to-slf4j\2.24.3\log4j-to-slf4j-2.24.3.jar;E:\program\maven\repository\org\apache\logging\log4j\log4j-api\2.24.3\log4j-api-2.24.3.jar;E:\program\maven\repository\org\slf4j\jul-to-slf4j\2.0.17\jul-to-slf4j-2.0.17.jar;E:\program\maven\repository\jakarta\annotation\jakarta.annotation-api\2.1.1\jakarta.annotation-api-2.1.1.jar;E:\program\maven\repository\org\yaml\snakeyaml\2.4\snakeyaml-2.4.jar;E:\program\maven\repository\org\springframework\spring-aop\6.2.9\spring-aop-6.2.9.jar;E:\program\maven\repository\org\springframework\spring-beans\6.2.9\spring-beans-6.2.9.jar;E:\program\maven\repository\org\springframework\security\spring-security-config\6.5.2\spring-security-config-6.5.2.jar;E:\program\maven\repository\org\springframework\spring-context\6.2.9\spring-context-6.2.9.jar;E:\program\maven\repository\org\springframework\security\spring-security-web\6.5.2\spring-security-web-6.5.2.jar;E:\program\maven\repository\org\springframework\spring-expression\6.2.9\spring-expression-6.2.9.jar;E:\program\maven\repository\org\springframework\boot\spring-boot-starter-web\3.5.4\spring-boot-starter-web-3.5.4.jar;E:\program\maven\repository\org\springframework\boot\spring-boot-starter-json\3.5.4\spring-boot-starter-json-3.5.4.jar;E:\program\maven\repository\com\fasterxml\jackson\datatype\jackson-datatype-jdk8\2.19.2\jackson-datatype-jdk8-2.19.2.jar;E:\program\maven\repository\com\fasterxml\jackson\datatype\jackson-datatype-jsr310\2.19.2\jackson-datatype-jsr310-2.19.2.jar;E:\program\maven\repository\com\fasterxml\jackson\module\jackson-module-parameter-names\2.19.2\jackson-module-parameter-names-2.19.2.jar;E:\program\maven\repository\org\springframework\boot\spring-boot-starter-tomcat\3.5.4\spring-boot-starter-tomcat-3.5.4.jar;E:\program\maven\repository\org\apache\tomcat\embed\tomcat-embed-core\10.1.43\tomcat-embed-core-10.1.43.jar;E:\program\maven\repository\org\apache\tomcat\embed\tomcat-embed-el\10.1.43\tomcat-embed-el-10.1.43.jar;E:\program\maven\repository\org\apache\tomcat\embed\tomcat-embed-websocket\10.1.43\tomcat-embed-websocket-10.1.43.jar;E:\program\maven\repository\org\springframework\spring-web\6.2.9\spring-web-6.2.9.jar;E:\program\maven\repository\io\micrometer\micrometer-observation\1.15.2\micrometer-observation-1.15.2.jar;E:\program\maven\repository\io\micrometer\micrometer-commons\1.15.2\micrometer-commons-1.15.2.jar;E:\program\maven\repository\org\springframework\spring-webmvc\6.2.9\spring-webmvc-6.2.9.jar;E:\program\maven\repository\mysql\mysql-connector-java\8.0.23\mysql-connector-java-8.0.23.jar;E:\program\maven\repository\com\google\protobuf\protobuf-java\3.11.4\protobuf-java-3.11.4.jar;E:\program\maven\repository\org\springframework\boot\spring-boot-starter-test\3.5.4\spring-boot-starter-test-3.5.4.jar;E:\program\maven\repository\org\springframework\boot\spring-boot-test\3.5.4\spring-boot-test-3.5.4.jar;E:\program\maven\repository\org\springframework\boot\spring-boot-test-autoconfigure\3.5.4\spring-boot-test-autoconfigure-3.5.4.jar;E:\program\maven\repository\com\jayway\jsonpath\json-path\2.9.0\json-path-2.9.0.jar;E:\program\maven\repository\org\slf4j\slf4j-api\2.0.17\slf4j-api-2.0.17.jar;E:\program\maven\repository\jakarta\xml\bind\jakarta.xml.bind-api\4.0.2\jakarta.xml.bind-api-4.0.2.jar;E:\program\maven\repository\jakarta\activation\jakarta.activation-api\2.1.3\jakarta.activation-api-2.1.3.jar;E:\program\maven\repository\net\minidev\json-smart\2.5.2\json-smart-2.5.2.jar;E:\program\maven\repository\net\minidev\accessors-smart\2.5.2\accessors-smart-2.5.2.jar;E:\program\maven\repository\org\ow2\asm\asm\9.7.1\asm-9.7.1.jar;E:\program\maven\repository\org\assertj\assertj-core\3.27.3\assertj-core-3.27.3.jar;E:\program\maven\repository\net\bytebuddy\byte-buddy\1.17.6\byte-buddy-1.17.6.jar;E:\program\maven\repository\org\awaitility\awaitility\4.2.2\awaitility-4.2.2.jar;E:\program\maven\repository\org\hamcrest\hamcrest\3.0\hamcrest-3.0.jar;E:\program\maven\repository\org\junit\jupiter\junit-jupiter\5.12.2\junit-jupiter-5.12.2.jar;E:\program\maven\repository\org\junit\jupiter\junit-jupiter-api\5.12.2\junit-jupiter-api-5.12.2.jar;E:\program\maven\repository\org\opentest4j\opentest4j\1.3.0\opentest4j-1.3.0.jar;E:\program\maven\repository\org\junit\platform\junit-platform-commons\1.12.2\junit-platform-commons-1.12.2.jar;E:\program\maven\repository\org\apiguardian\apiguardian-api\1.1.2\apiguardian-api-1.1.2.jar;E:\program\maven\repository\org\junit\jupiter\junit-jupiter-params\5.12.2\junit-jupiter-params-5.12.2.jar;E:\program\maven\repository\org\junit\jupiter\junit-jupiter-engine\5.12.2\junit-jupiter-engine-5.12.2.jar;E:\program\maven\repository\org\junit\platform\junit-platform-engine\1.12.2\junit-platform-engine-1.12.2.jar;E:\program\maven\repository\org\mockito\mockito-core\5.17.0\mockito-core-5.17.0.jar;E:\program\maven\repository\net\bytebuddy\byte-buddy-agent\1.17.6\byte-buddy-agent-1.17.6.jar;E:\program\maven\repository\org\objenesis\objenesis\3.3\objenesis-3.3.jar;E:\program\maven\repository\org\mockito\mockito-junit-jupiter\5.17.0\mockito-junit-jupiter-5.17.0.jar;E:\program\maven\repository\org\skyscreamer\jsonassert\1.5.3\jsonassert-1.5.3.jar;E:\program\maven\repository\com\vaadin\external\google\android-json\0.0.20131108.vaadin1\android-json-0.0.20131108.vaadin1.jar;E:\program\maven\repository\org\springframework\spring-core\6.2.9\spring-core-6.2.9.jar;E:\program\maven\repository\org\springframework\spring-jcl\6.2.9\spring-jcl-6.2.9.jar;E:\program\maven\repository\org\springframework\spring-test\6.2.9\spring-test-6.2.9.jar;E:\program\maven\repository\org\xmlunit\xmlunit-core\2.10.3\xmlunit-core-2.10.3.jar;E:\program\maven\repository\org\springframework\security\spring-security-test\6.5.2\spring-security-test-6.5.2.jar;E:\program\maven\repository\org\springframework\security\spring-security-core\6.5.2\spring-security-core-6.5.2.jar;E:\program\maven\repository\org\springframework\security\spring-security-crypto\6.5.2\spring-security-crypto-6.5.2.jar;E:\program\maven\repository\io\jsonwebtoken\jjwt-api\0.10.6\jjwt-api-0.10.6.jar;E:\program\maven\repository\io\jsonwebtoken\jjwt-impl\0.10.6\jjwt-impl-0.10.6.jar;E:\program\maven\repository\io\jsonwebtoken\jjwt-jackson\0.10.6\jjwt-jackson-0.10.6.jar;E:\program\maven\repository\com\fasterxml\jackson\core\jackson-databind\2.19.2\jackson-databind-2.19.2.jar;E:\program\maven\repository\com\fasterxml\jackson\core\jackson-annotations\2.19.2\jackson-annotations-2.19.2.jar;E:\program\maven\repository\jakarta\persistence\jakarta.persistence-api\3.1.0\jakarta.persistence-api-3.1.0.jar;E:\program\maven\repository\jakarta\servlet\jakarta.servlet-api\6.1.0\jakarta.servlet-api-6.1.0.jar;E:\program\maven\repository\jakarta\validation\jakarta.validation-api\3.1.1\jakarta.validation-api-3.1.1.jar;E:\program\maven\repository\org\hibernate\validator\hibernate-validator\9.0.1.Final\hibernate-validator-9.0.1.Final.jar;E:\program\maven\repository\org\jboss\logging\jboss-logging\3.6.1.Final\jboss-logging-3.6.1.Final.jar;E:\program\maven\repository\com\fasterxml\classmate\1.7.0\classmate-1.7.0.jar;E:\program\maven\repository\com\auth0\java-jwt\4.5.0\java-jwt-4.5.0.jar;E:\program\maven\repository\com\fasterxml\jackson\core\jackson-core\2.19.2\jackson-core-2.19.2.jar;E:\program\maven\repository\org\springdoc\springdoc-openapi-starter-webmvc-ui\2.0.2\springdoc-openapi-starter-webmvc-ui-2.0.2.jar;E:\program\maven\repository\org\webjars\swagger-ui\4.15.5\swagger-ui-4.15.5.jar;E:\program\maven\repository\org\webjars\webjars-locator-core\0.59\webjars-locator-core-0.59.jar;E:\program\maven\repository\io\github\classgraph\classgraph\4.8.149\classgraph-4.8.149.jar;E:\program\maven\repository\org\springdoc\springdoc-openapi-starter-webmvc-api\2.0.2\springdoc-openapi-starter-webmvc-api-2.0.2.jar;E:\program\maven\repository\org\springdoc\springdoc-openapi-starter-common\2.0.2\springdoc-openapi-starter-common-2.0.2.jar;E:\program\maven\repository\io\swagger\core\v3\swagger-core-jakarta\2.2.7\swagger-core-jakarta-2.2.7.jar;E:\program\maven\repository\org\apache\commons\commons-lang3\3.17.0\commons-lang3-3.17.0.jar;E:\program\maven\repository\io\swagger\core\v3\swagger-annotations-jakarta\2.2.7\swagger-annotations-jakarta-2.2.7.jar;E:\program\maven\repository\io\swagger\core\v3\swagger-models-jakarta\2.2.7\swagger-models-jakarta-2.2.7.jar;E:\program\maven\repository\com\fasterxml\jackson\dataformat\jackson-dataformat-yaml\2.19.2\jackson-dataformat-yaml-2.19.2.jar;E:\program\maven\repository\org\mybatis\spring\boot\mybatis-spring-boot-starter\3.0.3\mybatis-spring-boot-starter-3.0.3.jar;E:\program\maven\repository\org\springframework\boot\spring-boot-starter-jdbc\3.5.4\spring-boot-starter-jdbc-3.5.4.jar;E:\program\maven\repository\com\zaxxer\HikariCP\6.3.1\HikariCP-6.3.1.jar;E:\program\maven\repository\org\springframework\spring-jdbc\6.2.9\spring-jdbc-6.2.9.jar;E:\program\maven\repository\org\springframework\spring-tx\6.2.9\spring-tx-6.2.9.jar;E:\program\maven\repository\org\mybatis\spring\boot\mybatis-spring-boot-autoconfigure\3.0.3\mybatis-spring-boot-autoconfigure-3.0.3.jar;E:\program\maven\repository\org\mybatis\mybatis\3.5.14\mybatis-3.5.14.jar;E:\program\maven\repository\org\mybatis\mybatis-spring\3.0.3\mybatis-spring-3.0.3.jar;E:\program\maven\repository\org\projectlombok\lombok\1.18.30\lombok-1.18.30.jar;"/>
    <property name="java.vm.vendor" value="Oracle Corporation"/>
    <property name="sun.arch.data.model" value="64"/>
    <property name="user.variant" value=""/>
    <property name="java.vendor.url" value="https://java.oracle.com/"/>
    <property name="user.timezone" value="Asia/Shanghai"/>
    <property name="org.jboss.logging.provider" value="slf4j"/>
    <property name="os.name" value="Windows 11"/>
    <property name="java.vm.specification.version" value="21"/>
    <property name="APPLICATION_NAME" value="myapp"/>
    <property name="sun.java.launcher" value="SUN_STANDARD"/>
    <property name="user.country" value="CN"/>
    <property name="sun.boot.library.path" value="E:\software\jdk-21\bin"/>
    <property name="sun.java.command" value="C:\Users\libam\AppData\Local\Temp\surefire17731224631549800571\surefirebooter-20250925151244094_3.jar C:\Users\libam\AppData\Local\Temp\surefire17731224631549800571 2025-09-25T15-12-43_964-jvmRun1 surefire-20250925151244094_1tmp surefire_0-20250925151244094_2tmp"/>
    <property name="jdk.debug" value="release"/>
    <property name="surefire.test.class.path" value="C:\Users\libam\Desktop\test\elm2.0\target\test-classes;C:\Users\libam\Desktop\test\elm2.0\target\classes;E:\program\maven\repository\org\springframework\boot\spring-boot-starter-security\3.5.4\spring-boot-starter-security-3.5.4.jar;E:\program\maven\repository\org\springframework\boot\spring-boot-starter\3.5.4\spring-boot-starter-3.5.4.jar;E:\program\maven\repository\org\springframework\boot\spring-boot\3.5.4\spring-boot-3.5.4.jar;E:\program\maven\repository\org\springframework\boot\spring-boot-autoconfigure\3.5.4\spring-boot-autoconfigure-3.5.4.jar;E:\program\maven\repository\org\springframework\boot\spring-boot-starter-logging\3.5.4\spring-boot-starter-logging-3.5.4.jar;E:\program\maven\repository\ch\qos\logback\logback-classic\1.5.18\logback-classic-1.5.18.jar;E:\program\maven\repository\ch\qos\logback\logback-core\1.5.18\logback-core-1.5.18.jar;E:\program\maven\repository\org\apache\logging\log4j\log4j-to-slf4j\2.24.3\log4j-to-slf4j-2.24.3.jar;E:\program\maven\repository\org\apache\logging\log4j\log4j-api\2.24.3\log4j-api-2.24.3.jar;E:\program\maven\repository\org\slf4j\jul-to-slf4j\2.0.17\jul-to-slf4j-2.0.17.jar;E:\program\maven\repository\jakarta\annotation\jakarta.annotation-api\2.1.1\jakarta.annotation-api-2.1.1.jar;E:\program\maven\repository\org\yaml\snakeyaml\2.4\snakeyaml-2.4.jar;E:\program\maven\repository\org\springframework\spring-aop\6.2.9\spring-aop-6.2.9.jar;E:\program\maven\repository\org\springframework\spring-beans\6.2.9\spring-beans-6.2.9.jar;E:\program\maven\repository\org\springframework\security\spring-security-config\6.5.2\spring-security-config-6.5.2.jar;E:\program\maven\repository\org\springframework\spring-context\6.2.9\spring-context-6.2.9.jar;E:\program\maven\repository\org\springframework\security\spring-security-web\6.5.2\spring-security-web-6.5.2.jar;E:\program\maven\repository\org\springframework\spring-expression\6.2.9\spring-expression-6.2.9.jar;E:\program\maven\repository\org\springframework\boot\spring-boot-starter-web\3.5.4\spring-boot-starter-web-3.5.4.jar;E:\program\maven\repository\org\springframework\boot\spring-boot-starter-json\3.5.4\spring-boot-starter-json-3.5.4.jar;E:\program\maven\repository\com\fasterxml\jackson\datatype\jackson-datatype-jdk8\2.19.2\jackson-datatype-jdk8-2.19.2.jar;E:\program\maven\repository\com\fasterxml\jackson\datatype\jackson-datatype-jsr310\2.19.2\jackson-datatype-jsr310-2.19.2.jar;E:\program\maven\repository\com\fasterxml\jackson\module\jackson-module-parameter-names\2.19.2\jackson-module-parameter-names-2.19.2.jar;E:\program\maven\repository\org\springframework\boot\spring-boot-starter-tomcat\3.5.4\spring-boot-starter-tomcat-3.5.4.jar;E:\program\maven\repository\org\apache\tomcat\embed\tomcat-embed-core\10.1.43\tomcat-embed-core-10.1.43.jar;E:\program\maven\repository\org\apache\tomcat\embed\tomcat-embed-el\10.1.43\tomcat-embed-el-10.1.43.jar;E:\program\maven\repository\org\apache\tomcat\embed\tomcat-embed-websocket\10.1.43\tomcat-embed-websocket-10.1.43.jar;E:\program\maven\repository\org\springframework\spring-web\6.2.9\spring-web-6.2.9.jar;E:\program\maven\repository\io\micrometer\micrometer-observation\1.15.2\micrometer-observation-1.15.2.jar;E:\program\maven\repository\io\micrometer\micrometer-commons\1.15.2\micrometer-commons-1.15.2.jar;E:\program\maven\repository\org\springframework\spring-webmvc\6.2.9\spring-webmvc-6.2.9.jar;E:\program\maven\repository\mysql\mysql-connector-java\8.0.23\mysql-connector-java-8.0.23.jar;E:\program\maven\repository\com\google\protobuf\protobuf-java\3.11.4\protobuf-java-3.11.4.jar;E:\program\maven\repository\org\springframework\boot\spring-boot-starter-test\3.5.4\spring-boot-starter-test-3.5.4.jar;E:\program\maven\repository\org\springframework\boot\spring-boot-test\3.5.4\spring-boot-test-3.5.4.jar;E:\program\maven\repository\org\springframework\boot\spring-boot-test-autoconfigure\3.5.4\spring-boot-test-autoconfigure-3.5.4.jar;E:\program\maven\repository\com\jayway\jsonpath\json-path\2.9.0\json-path-2.9.0.jar;E:\program\maven\repository\org\slf4j\slf4j-api\2.0.17\slf4j-api-2.0.17.jar;E:\program\maven\repository\jakarta\xml\bind\jakarta.xml.bind-api\4.0.2\jakarta.xml.bind-api-4.0.2.jar;E:\program\maven\repository\jakarta\activation\jakarta.activation-api\2.1.3\jakarta.activation-api-2.1.3.jar;E:\program\maven\repository\net\minidev\json-smart\2.5.2\json-smart-2.5.2.jar;E:\program\maven\repository\net\minidev\accessors-smart\2.5.2\accessors-smart-2.5.2.jar;E:\program\maven\repository\org\ow2\asm\asm\9.7.1\asm-9.7.1.jar;E:\program\maven\repository\org\assertj\assertj-core\3.27.3\assertj-core-3.27.3.jar;E:\program\maven\repository\net\bytebuddy\byte-buddy\1.17.6\byte-buddy-1.17.6.jar;E:\program\maven\repository\org\awaitility\awaitility\4.2.2\awaitility-4.2.2.jar;E:\program\maven\repository\org\hamcrest\hamcrest\3.0\hamcrest-3.0.jar;E:\program\maven\repository\org\junit\jupiter\junit-jupiter\5.12.2\junit-jupiter-5.12.2.jar;E:\program\maven\repository\org\junit\jupiter\junit-jupiter-api\5.12.2\junit-jupiter-api-5.12.2.jar;E:\program\maven\repository\org\opentest4j\opentest4j\1.3.0\opentest4j-1.3.0.jar;E:\program\maven\repository\org\junit\platform\junit-platform-commons\1.12.2\junit-platform-commons-1.12.2.jar;E:\program\maven\repository\org\apiguardian\apiguardian-api\1.1.2\apiguardian-api-1.1.2.jar;E:\program\maven\repository\org\junit\jupiter\junit-jupiter-params\5.12.2\junit-jupiter-params-5.12.2.jar;E:\program\maven\repository\org\junit\jupiter\junit-jupiter-engine\5.12.2\junit-jupiter-engine-5.12.2.jar;E:\program\maven\repository\org\junit\platform\junit-platform-engine\1.12.2\junit-platform-engine-1.12.2.jar;E:\program\maven\repository\org\mockito\mockito-core\5.17.0\mockito-core-5.17.0.jar;E:\program\maven\repository\net\bytebuddy\byte-buddy-agent\1.17.6\byte-buddy-agent-1.17.6.jar;E:\program\maven\repository\org\objenesis\objenesis\3.3\objenesis-3.3.jar;E:\program\maven\repository\org\mockito\mockito-junit-jupiter\5.17.0\mockito-junit-jupiter-5.17.0.jar;E:\program\maven\repository\org\skyscreamer\jsonassert\1.5.3\jsonassert-1.5.3.jar;E:\program\maven\repository\com\vaadin\external\google\android-json\0.0.20131108.vaadin1\android-json-0.0.20131108.vaadin1.jar;E:\program\maven\repository\org\springframework\spring-core\6.2.9\spring-core-6.2.9.jar;E:\program\maven\repository\org\springframework\spring-jcl\6.2.9\spring-jcl-6.2.9.jar;E:\program\maven\repository\org\springframework\spring-test\6.2.9\spring-test-6.2.9.jar;E:\program\maven\repository\org\xmlunit\xmlunit-core\2.10.3\xmlunit-core-2.10.3.jar;E:\program\maven\repository\org\springframework\security\spring-security-test\6.5.2\spring-security-test-6.5.2.jar;E:\program\maven\repository\org\springframework\security\spring-security-core\6.5.2\spring-security-core-6.5.2.jar;E:\program\maven\repository\org\springframework\security\spring-security-crypto\6.5.2\spring-security-crypto-6.5.2.jar;E:\program\maven\repository\io\jsonwebtoken\jjwt-api\0.10.6\jjwt-api-0.10.6.jar;E:\program\maven\repository\io\jsonwebtoken\jjwt-impl\0.10.6\jjwt-impl-0.10.6.jar;E:\program\maven\repository\io\jsonwebtoken\jjwt-jackson\0.10.6\jjwt-jackson-0.10.6.jar;E:\program\maven\repository\com\fasterxml\jackson\core\jackson-databind\2.19.2\jackson-databind-2.19.2.jar;E:\program\maven\repository\com\fasterxml\jackson\core\jackson-annotations\2.19.2\jackson-annotations-2.19.2.jar;E:\program\maven\repository\jakarta\persistence\jakarta.persistence-api\3.1.0\jakarta.persistence-api-3.1.0.jar;E:\program\maven\repository\jakarta\servlet\jakarta.servlet-api\6.1.0\jakarta.servlet-api-6.1.0.jar;E:\program\maven\repository\jakarta\validation\jakarta.validation-api\3.1.1\jakarta.validation-api-3.1.1.jar;E:\program\maven\repository\org\hibernate\validator\hibernate-validator\9.0.1.Final\hibernate-validator-9.0.1.Final.jar;E:\program\maven\repository\org\jboss\logging\jboss-logging\3.6.1.Final\jboss-logging-3.6.1.Final.jar;E:\program\maven\repository\com\fasterxml\classmate\1.7.0\classmate-1.7.0.jar;E:\program\maven\repository\com\auth0\java-jwt\4.5.0\java-jwt-4.5.0.jar;E:\program\maven\repository\com\fasterxml\jackson\core\jackson-core\2.19.2\jackson-core-2.19.2.jar;E:\program\maven\repository\org\springdoc\springdoc-openapi-starter-webmvc-ui\2.0.2\springdoc-openapi-starter-webmvc-ui-2.0.2.jar;E:\program\maven\repository\org\webjars\swagger-ui\4.15.5\swagger-ui-4.15.5.jar;E:\program\maven\repository\org\webjars\webjars-locator-core\0.59\webjars-locator-core-0.59.jar;E:\program\maven\repository\io\github\classgraph\classgraph\4.8.149\classgraph-4.8.149.jar;E:\program\maven\repository\org\springdoc\springdoc-openapi-starter-webmvc-api\2.0.2\springdoc-openapi-starter-webmvc-api-2.0.2.jar;E:\program\maven\repository\org\springdoc\springdoc-openapi-starter-common\2.0.2\springdoc-openapi-starter-common-2.0.2.jar;E:\program\maven\repository\io\swagger\core\v3\swagger-core-jakarta\2.2.7\swagger-core-jakarta-2.2.7.jar;E:\program\maven\repository\org\apache\commons\commons-lang3\3.17.0\commons-lang3-3.17.0.jar;E:\program\maven\repository\io\swagger\core\v3\swagger-annotations-jakarta\2.2.7\swagger-annotations-jakarta-2.2.7.jar;E:\program\maven\repository\io\swagger\core\v3\swagger-models-jakarta\2.2.7\swagger-models-jakarta-2.2.7.jar;E:\program\maven\repository\com\fasterxml\jackson\dataformat\jackson-dataformat-yaml\2.19.2\jackson-dataformat-yaml-2.19.2.jar;E:\program\maven\repository\org\mybatis\spring\boot\mybatis-spring-boot-starter\3.0.3\mybatis-spring-boot-starter-3.0.3.jar;E:\program\maven\repository\org\springframework\boot\spring-boot-starter-jdbc\3.5.4\spring-boot-starter-jdbc-3.5.4.jar;E:\program\maven\repository\com\zaxxer\HikariCP\6.3.1\HikariCP-6.3.1.jar;E:\program\maven\repository\org\springframework\spring-jdbc\6.2.9\spring-jdbc-6.2.9.jar;E:\program\maven\repository\org\springframework\spring-tx\6.2.9\spring-tx-6.2.9.jar;E:\program\maven\repository\org\mybatis\spring\boot\mybatis-spring-boot-autoconfigure\3.0.3\mybatis-spring-boot-autoconfigure-3.0.3.jar;E:\program\maven\repository\org\mybatis\mybatis\3.5.14\mybatis-3.5.14.jar;E:\program\maven\repository\org\mybatis\mybatis-spring\3.0.3\mybatis-spring-3.0.3.jar;E:\program\maven\repository\org\projectlombok\lombok\1.18.30\lombok-1.18.30.jar;"/>
    <property name="sun.cpu.endian" value="little"/>
    <property name="user.home" value="C:\Users\libam"/>
    <property name="user.language" value="zh"/>
    <property name="java.specification.vendor" value="Oracle Corporation"/>
    <property name="java.version.date" value="2024-10-15"/>
    <property name="java.home" value="E:\software\jdk-21"/>
    <property name="file.separator" value="\"/>
    <property name="basedir" value="C:\Users\libam\Desktop\test\elm2.0"/>
    <property name="java.vm.compressedOopsMode" value="Zero based"/>
    <property name="line.separator" value="&#10;"/>
    <property name="java.vm.specification.vendor" value="Oracle Corporation"/>
    <property name="java.specification.name" value="Java Platform API Specification"/>
    <property name="FILE_LOG_CHARSET" value="UTF-8"/>
    <property name="java.awt.headless" value="true"/>
    <property name="surefire.real.class.path" value="C:\Users\libam\AppData\Local\Temp\surefire17731224631549800571\surefirebooter-20250925151244094_3.jar"/>
    <property name="user.script" value=""/>
    <property name="sun.management.compiler" value="HotSpot 64-Bit Tiered Compilers"/>
    <property name="java.runtime.version" value="21.0.5+9-LTS-239"/>
    <property name="user.name" value="libam"/>
    <property name="stdout.encoding" value="GBK"/>
    <property name="path.separator" value=";"/>
    <property name="os.version" value="10.0"/>
    <property name="java.runtime.name" value="Java(TM) SE Runtime Environment"/>
    <property name="file.encoding" value="UTF-8"/>
    <property name="java.vm.name" value="Java HotSpot(TM) 64-Bit Server VM"/>
    <property name="localRepository" value="E:\program\maven\repository"/>
    <property name="java.vendor.url.bug" value="https://bugreport.java.com/bugreport/"/>
    <property name="java.io.tmpdir" value="C:\Users\libam\AppData\Local\Temp\"/>
    <property name="java.version" value="21.0.5"/>
    <property name="user.dir" value="C:\Users\libam\Desktop\test\elm2.0"/>
    <property name="os.arch" value="amd64"/>
    <property name="java.vm.specification.name" value="Java Virtual Machine Specification"/>
    <property name="PID" value="27364"/>
    <property name="sun.os.patch.level" value=""/>
    <property name="CONSOLE_LOG_CHARSET" value="UTF-8"/>
    <property name="native.encoding" value="GBK"/>
    <property name="java.library.path" value="E:\software\jdk-21\bin;C:\WINDOWS\Sun\Java\bin;C:\WINDOWS\system32;C:\WINDOWS;E:\software\Anaconda;E:\software\Anaconda\Library\mingw-w64\bin;E:\software\Anaconda\Library\usr\bin;E:\software\Anaconda\Library\bin;E:\software\Anaconda\Scripts;E:\software\Anaconda\bin;E:\software\Anaconda\condabin;E:\software\Anaconda;E:\software\Anaconda\Scripts;E:\software\py3.11.2\Scripts;E:\software\py3.11.2;E:\VMware\bin;C:\WINDOWS\system32;C:\WINDOWS;C:\WINDOWS\System32\Wbem;C:\WINDOWS\System32\WindowsPowerShell\v1.0;C:\WINDOWS\System32\OpenSSH;D:\libam\Software\Git\cmd;E:\software\jdk-21\bin;C:\Program Files\MySQL\MySQL Server 8.0\bin;E:\software\apache-maven-3.9.9\bin;E:\software\apache-maven-3.9.9\bin;E:\software\微信web开发者工具\dll;E:\software\node;C:\Program Files\MySQL\MySQL Shell 8.0\bin;C:\Users\libam\AppData\Local\Microsoft\WindowsApps;E:\software\vscode\Microsoft VS Code\bin;C:\Program Files\mingw64\bin;E:\software\jdk-21\bin;E:\software\jdk-21\jre\bin;E:\software\IntelliJ IDEA 2024.3.3\bin;.;E:\software\ffmpeg-2023-04-17-git-65e537b833-full_build\bin;C:\Users\libam\AppData\Roaming\npm;."/>
    <property name="java.vm.info" value="mixed mode, sharing"/>
    <property name="stderr.encoding" value="GBK"/>
    <property name="java.vendor" value="Oracle Corporation"/>
    <property name="java.vm.version" value="21.0.5+9-LTS-239"/>
    <property name="sun.io.unicode.encoding" value="UnicodeLittle"/>
    <property name="java.class.version" value="65.0"/>
    <property name="LOGGED_APPLICATION_NAME" value="[myapp] "/>
  </properties>
  <testcase name="contextLoads" classname="cn.edu.tju.MyApplicationTests" time="0.705">
    <system-out><![CDATA[15:12:45.041 [main] INFO org.springframework.test.context.support.AnnotationConfigContextLoaderUtils -- Could not detect default configuration classes for test class [cn.edu.tju.MyApplicationTests]: MyApplicationTests does not declare any static, non-private, non-final, nested classes annotated with @Configuration.
15:12:45.178 [main] INFO org.springframework.boot.test.context.SpringBootTestContextBootstrapper -- Found @SpringBootConfiguration cn.edu.tju.MyApplication for test class cn.edu.tju.MyApplicationTests
 _________      ___  ___  ___           _____  ________  ________  ________
|\___   ___\   |\  \|\  \|\  \         / __  \|\   __  \|\  ___  \|\   ____\
\|___ \  \_|   \ \  \ \  \\\  \       |\/_|\  \ \  \|\  \ \____   \ \  \___|_
     \ \  \  __ \ \  \ \  \\\  \      \|/ \ \  \ \   __  \|____|\  \ \_____  \
      \ \  \|\  \\_\  \ \  \\\  \          \ \  \ \  \|\  \  __\_\  \|____|\  \
       \ \__\ \________\ \_______\          \ \__\ \_______\|\_______\____\_\  \
        \|__|\|________|\|_______|           \|__|\|_______|\|_______|\_________\
                                                                     \|_________|

 ________  _______   _______   ___  __            _________  ________  ___  ___  _________  ___  ___          ________ ________  ________  _____ ______           ________ ________  ________ _________  ________
|\   ____\|\  ___ \ |\  ___ \ |\  \|\  \         |\___   ___\\   __  \|\  \|\  \|\___   ___\\  \|\  \        |\  _____\\   __  \|\   __  \|\   _ \  _   \        |\  _____\\   __  \|\   ____\\___   ___\\   ____\
\ \  \___|\ \   __/|\ \   __/|\ \  \/  /|_       \|___ \  \_\ \  \|\  \ \  \\\  \|___ \  \_\ \  \\\  \       \ \  \__/\ \  \|\  \ \  \|\  \ \  \\\__\ \  \       \ \  \__/\ \  \|\  \ \  \___\|___ \  \_\ \  \___|_
 \ \_____  \ \  \_|/_\ \  \_|/_\ \   ___  \           \ \  \ \ \   _  _\ \  \\\  \   \ \  \ \ \   __  \       \ \   __\\ \   _  _\ \  \\\  \ \  \\|__| \  \       \ \   __\\ \   __  \ \  \       \ \  \ \ \_____  \
  \|____|\  \ \  \_|\ \ \  \_|\ \ \  \\ \  \           \ \  \ \ \  \\  \\ \  \\\  \   \ \  \ \ \  \ \  \       \ \  \_| \ \  \\  \\ \  \\\  \ \  \    \ \  \       \ \  \_| \ \  \ \  \ \  \____   \ \  \ \|____|\  \
    ____\_\  \ \_______\ \_______\ \__\\ \__\           \ \__\ \ \__\\ _\\ \_______\   \ \__\ \ \__\ \__\       \ \__\   \ \__\\ _\\ \_______\ \__\    \ \__\       \ \__\   \ \__\ \__\ \_______\  \ \__\  ____\_\  \
   |\_________\|_______|\|_______|\|__| \|__|            \|__|  \|__|\|__|\|_______|    \|__|  \|__|\|__|        \|__|    \|__|\|__|\|_______|\|__|     \|__|        \|__|    \|__|\|__|\|_______|   \|__| |\_________\
   \|_________|                                                                                                                                                                                            \|_________|


2025-09-25T15:12:45.687+08:00  INFO 27364 --- [myapp] [           main] cn.edu.tju.MyApplicationTests            : Starting MyApplicationTests using Java 21.0.5 with PID 27364 (started by libam in C:\Users\libam\Desktop\test\elm2.0)
2025-09-25T15:12:45.688+08:00  INFO 27364 --- [myapp] [           main] cn.edu.tju.MyApplicationTests            : No active profile set, falling back to 1 default profile: "default"
2025-09-25T15:12:47.880+08:00  INFO 27364 --- [myapp] [           main] com.zaxxer.hikari.HikariDataSource       : HikariCPDatasource - Starting...
2025-09-25T15:12:48.387+08:00  INFO 27364 --- [myapp] [           main] com.zaxxer.hikari.pool.HikariPool        : HikariCPDatasource - Added connection com.mysql.cj.jdbc.ConnectionImpl@51af8049
2025-09-25T15:12:48.389+08:00  INFO 27364 --- [myapp] [           main] com.zaxxer.hikari.HikariDataSource       : HikariCPDatasource - Start completed.
2025-09-25T15:12:48.784+08:00  INFO 27364 --- [myapp] [           main] o.s.b.a.w.s.WelcomePageHandlerMapping    : Adding welcome page: class path resource [static/index.html]
2025-09-25T15:12:49.752+08:00  INFO 27364 --- [myapp] [           main] r$InitializeUserDetailsManagerConfigurer : Global AuthenticationManager configured with UserDetailsService bean with name userDetailsService
2025-09-25T15:12:50.458+08:00  INFO 27364 --- [myapp] [           main] cn.edu.tju.MyApplicationTests            : Started MyApplicationTests in 5.079 seconds (process running for 6.163)
]]></system-out>
    <system-err><![CDATA[Mockito is currently self-attaching to enable the inline-mock-maker. This will no longer work in future releases of the JDK. Please add Mockito as an agent to your build as described in Mockito's documentation: https://javadoc.io/doc/org.mockito/mockito-core/latest/org.mockito/org/mockito/Mockito.html#0.3
WARNING: A Java agent has been loaded dynamically (E:\program\maven\repository\net\bytebuddy\byte-buddy-agent\1.17.6\byte-buddy-agent-1.17.6.jar)
WARNING: If a serviceability tool is in use, please run with -XX:+EnableDynamicAgentLoading to hide this warning
WARNING: If a serviceability tool is not in use, please run with -Djdk.instrument.traceUsage for more information
WARNING: Dynamic loading of agents will be disallowed by default in a future release
]]></system-err>
  </testcase>
</testsuite>